169|286|980|safari|1
126|287|973|firefox|1
107|558|1237|safari|1
117|268|763|msie|1
778|214|1063|firefox|1
931|31|1063|firefox|1
349|142|1080|firefox|1
426|209|1080|firefox|1
331|321|1080|firefox|1
258|273|1080|firefox|1
491|271|1080|firefox|1
257|346|1080|firefox|1
248|525|1080|firefox|1
490|525|1080|firefox|1
296|527|1080|firefox|1
285|523|1080|firefox|1
281|524|1080|firefox|1
279|524|1080|firefox|1
662|556|1080|firefox|1
809|445|1080|firefox|1
659|489|1080|firefox|1
221|185|1263|msie|1
617|460|1259|chrome|1
1106|211|1583|chrome|1
1497|31|1583|chrome|1
556|233|1600|chrome|1
616|310|1600|chrome|1
613|376|1600|chrome|1
494|371|1600|chrome|1
718|373|1600|chrome|1
641|528|1600|chrome|1
917|638|1600|chrome|1
916|582|1600|chrome|1
825|286|1583|chrome|1
280|86|1583|chrome|1
151|80|1583|chrome|1
115|276|963|msie|1
569|34|963|msie|1
328|228|963|msie|1
919|33|980|safari|1
264|420|980|safari|1
388|509|980|safari|1
295|564|980|safari|1
505|573|980|safari|1
302|638|980|safari|1
190|689|980|safari|1
189|891|980|safari|1
297|965|980|safari|1
488|953|980|safari|1
627|1082|980|safari|1
657|776|980|safari|1
133|80|980|safari|1
455|400|1007|chrome|1
883|216|1263|firefox|1
864|325|1263|firefox|1
916|395|1263|firefox|1
1169|26|1263|firefox|1
525|137|1280|firefox|1
529|213|1280|firefox|1
421|325|1280|firefox|1
443|279|1280|firefox|1
496|283|1280|firefox|1
565|276|1280|firefox|1
483|347|1280|firefox|1
476|355|1280|firefox|1
339|475|1280|firefox|1
536|480|1280|firefox|1
764|550|1280|firefox|1
766|491|1280|firefox|1
256|281|1263|firefox|1
759|414|1920|chrome|1
953|33|1044|chrome|1
367|158|1066|chrome|1
414|226|1066|chrome|1
381|358|1066|chrome|1
831|526|1066|chrome|1
226|378|1066|chrome|1
386|439|1066|chrome|1
514|443|1066|chrome|1
681|574|1066|chrome|1
791|478|1066|chrome|1
794|481|1066|chrome|1
791|478|1066|chrome|1
794|481|1066|chrome|1
794|481|1066|chrome|1
794|481|1066|chrome|1
794|481|1066|chrome|1
794|481|1066|chrome|1
794|481|1066|chrome|1
794|481|1066|chrome|1
794|481|1066|chrome|1
794|481|1066|chrome|1
794|481|1066|chrome|1
794|481|1066|chrome|1
794|481|1066|chrome|1
794|481|1066|chrome|1
794|481|1066|chrome|1
794|481|1066|chrome|1
794|481|1066|chrome|1
794|481|1066|chrome|1
794|481|1066|chrome|1
793|426|1066|chrome|1
794|427|1066|chrome|1
649|509|1066|chrome|1
947|455|1044|chrome|1
64|310|996|firefox|1
462|566|1044|chrome|1
161|230|1044|chrome|1
550|261|1259|msie|1
457|571|980|safari|1
485|589|980|safari|1
243|568|980|safari|1
159|310|980|safari|1
40|812|980|safari|1
66|98|980|safari|1
243|83|980|safari|1
238|101|980|safari|1
149|90|852|firefox|1
307|96|980|safari|1
189|380|1007|safari|1
160|276|1007|safari|1
171|283|1007|safari|1
169|283|1007|safari|1
142|90|852|firefox|1
242|361|1007|safari|1
317|568|1349|firefox|1
546|34|1346|safari|1
553|100|1346|safari|1
596|262|1349|chrome|1
91|342|1349|chrome|1
250|271|1131|msie|1
399|380|1508|msie|1
623|48|1159|chrome|1
624|38|1159|chrome|1
762|40|1159|chrome|1
126|573|1159|chrome|1
162|340|1159|chrome|1
77|365|980|chrome|1
145|358|984|msie|1
467|572|1426|safari|1
704|365|1426|safari|1
285|183|1349|chrome|1
169|82|1519|msie|1
793|36|1920|chrome|1
648|448|1332|msie|1
855|313|1537|msie|1
855|313|1537|msie|1
874|30|1920|chrome|1
113|291|980|safari|1
875|204|1263|chrome|1
900|282|1263|chrome|1
910|381|1263|chrome|1
902|280|1263|chrome|1
884|388|1263|chrome|1
893|275|1263|chrome|1
912|381|1263|chrome|1
1035|321|1263|chrome|1
554|198|1280|chrome|1
827|592|1280|chrome|1
933|86|1280|chrome|1
1149|27|1263|chrome|1
494|183|1280|chrome|1
420|389|1280|chrome|1
945|344|1280|chrome|1
520|226|1280|chrome|1
527|232|1280|chrome|1
457|553|1280|chrome|1
576|567|1280|chrome|1
671|558|1280|chrome|1
671|558|1280|chrome|1
458|561|1280|chrome|1
592|556|1280|chrome|1
781|592|1280|chrome|1
910|508|1280|chrome|1
910|508|1280|chrome|1
910|508|1280|chrome|1
910|508|1280|chrome|1
910|508|1280|chrome|1
910|508|1280|chrome|1
910|508|1280|chrome|1
870|531|1280|chrome|1
936|88|1280|chrome|1
1020|217|1263|chrome|1
581|397|1263|chrome|1
276|269|1263|chrome|1
243|276|1259|msie|1
243|276|1259|msie|1
203|202|1263|chrome|1
948|325|1899|msie|1
785|564|1263|chrome|1
254|274|1263|chrome|1
623|275|1263|msie|1
551|37|1263|chrome|1
464|276|1263|msie|1
41|88|1263|msie|1
249|270|1263|msie|1
351|282|1467|firefox|1
248|274|1217|msie|1
1430|29|1583|chrome|1
551|214|1600|chrome|1
690|418|1663|msie|1
499|555|1600|chrome|1
756|567|1600|chrome|1
629|504|1600|chrome|1
829|435|1600|chrome|1
663|295|1600|chrome|1
814|620|1600|chrome|1
1107|468|1600|chrome|1
938|633|1600|chrome|1
628|219|1600|chrome|1
935|236|1600|chrome|1
955|629|1600|chrome|1
601|562|1600|chrome|1
1017|496|1600|chrome|1
541|562|1600|chrome|1
1034|567|1600|chrome|1
951|637|1600|chrome|1
567|318|1600|chrome|1
952|637|1600|chrome|1
927|573|1600|chrome|1
851|247|1583|chrome|1
471|274|1583|chrome|1
168|275|1004|msie|1
96|264|1330|msie|3
672|354|1330|msie|1
316|678|1260|msie|1
367|560|1260|msie|1
645|246|1260|msie|1
262|273|1260|msie|1
522|332|1899|msie|1
522|332|1899|msie|1
329|275|1328|chrome|1
248|264|1259|msie|1
256|270|1259|msie|1
201|1169|1259|msie|1
203|1066|1259|msie|1
194|1181|1259|msie|1
194|1181|1259|msie|1
188|970|1259|msie|1
188|970|1259|msie|1
357|1175|1259|msie|1
529|1109|1276|msie|1
299|1065|1259|msie|1
199|1194|1259|msie|1
1153|36|1259|msie|1
451|271|1276|msie|1
421|322|1276|msie|1
430|472|1276|msie|1
438|365|1276|msie|1
657|365|1276|msie|1
483|410|1276|msie|1
413|521|1276|msie|1
426|556|1276|msie|1
653|566|1276|msie|1
465|574|1276|msie|1
651|580|1276|msie|1
463|648|1276|msie|1
944|205|1145|msie|1
486|638|1276|msie|1
486|638|1276|msie|1
253|270|1145|msie|1
739|578|1276|msie|1
490|638|1276|msie|1
997|344|1276|msie|1
740|601|1276|msie|1
486|636|1276|msie|1
460|633|1276|msie|1
460|633|1276|msie|1
460|633|1276|msie|1
633|622|1276|msie|1
571|637|1276|msie|1
1143|28|1259|msie|1
427|214|1276|msie|1
228|267|1259|msie|1
663|284|1263|msie|1
515|38|1259|msie|1
908|590|1263|firefox|3
1051|548|1263|firefox|1
87|238|1263|firefox|3
54|239|1263|firefox|1
484|579|1263|firefox|1
245|88|1259|msie|1
697|194|1265|firefox|1
794|566|1263|firefox|1
776|561|1263|firefox|1
790|559|1263|firefox|1
135|86|1263|firefox|1
254|567|1425|chrome|1
363|383|1425|chrome|1
1739|31|1903|firefox|1
676|278|1920|firefox|1
850|346|1920|firefox|1
797|462|1920|firefox|1
713|419|1920|firefox|1
692|484|1920|firefox|1
733|674|1920|firefox|1
817|646|1920|firefox|1
679|585|1920|firefox|1
1053|686|1920|firefox|1
1095|624|1920|firefox|1
725|580|1899|msie|1
1005|326|1899|msie|1
147|97|1261|safari|1
155|80|1263|chrome|1
659|252|1263|chrome|1
150|85|1263|chrome|1
127|86|1255|msie|1
382|569|1263|firefox|1
390|590|1263|firefox|1
410|263|1583|msie|1
648|243|1269|msie|1
306|274|1269|msie|1
260|309|1089|chrome|1
258|265|1269|msie|1
1417|382|1583|chrome|1
645|329|1583|chrome|1
732|248|1714|msie|1
381|36|1003|chrome|1
661|567|1006|safari|1
661|567|1006|safari|1
661|567|1006|safari|1
661|567|1006|safari|1
661|567|1006|safari|1
226|81|1263|firefox|1
686|258|1263|chrome|1
686|258|1263|chrome|1
303|572|1349|firefox|1
243|80|1349|firefox|1
332|88|1349|firefox|1
287|379|1184|msie|1
759|31|1663|chrome|1
717|77|1663|chrome|1
939|40|1900|chrome|1
818|60|1900|chrome|1
87|361|1007|chrome|1
1053|209|1583|chrome|1
369|360|1583|chrome|1
200|321|1259|msie|1
180|584|1259|msie|1
153|81|1113|firefox|1
105|299|980|safari|1
911|214|1266|firefox|1
910|212|1266|firefox|1
869|336|1266|firefox|1
894|408|1266|firefox|1
148|188|980|safari|1
171|248|1077|chrome|1
171|248|1077|chrome|1
395|284|1440|chrome|1
545|362|1264|msie|1
288|272|1264|msie|1
631|568|1264|msie|1
248|229|1264|msie|1
67|29|1349|chrome|1
610|572|1349|chrome|1
1156|215|1583|chrome|1
934|207|1349|firefox|1
925|286|1349|firefox|1
927|389|1349|firefox|1
1337|367|1349|firefox|1
1084|332|1349|firefox|1
405|165|1366|firefox|1
859|555|1366|firefox|1
942|565|1366|firefox|1
1226|36|1349|firefox|1
405|153|1366|firefox|1
571|222|1366|firefox|1
571|116|1366|firefox|1
427|258|1366|firefox|1
379|183|1366|firefox|1
164|27|1423|chrome|1
386|446|1366|firefox|1
836|564|1366|firefox|1
818|495|1366|firefox|1
136|22|1423|chrome|1
877|555|1423|chrome|1
871|566|1423|chrome|1
176|512|1400|msie|1
492|331|1263|chrome|1
352|275|1467|firefox|1
1070|24|1198|chrome|1
344|175|1215|chrome|1
461|253|1215|chrome|1
388|385|1215|chrome|1
304|501|1215|chrome|1
422|463|1215|chrome|1
726|569|1215|chrome|1
720|516|1215|chrome|1
359|166|1215|chrome|1
492|168|1215|chrome|1
857|572|1215|chrome|1
898|209|1198|chrome|1
1078|124|1198|chrome|1
248|86|1198|chrome|1
911|381|1663|firefox|1
771|36|1663|firefox|1
729|31|1663|firefox|1
563|295|1244|msie|1
652|31|1583|chrome|1
615|432|1516|msie|1
615|432|1516|msie|1
596|370|1903|chrome|1
694|33|1583|chrome|1
895|34|1920|chrome|1
648|213|1583|chrome|1
921|30|1583|chrome|1
49|84|1342|chrome|1
397|328|1342|chrome|1
580|1665|1003|msie|1
136|85|1561|chrome|1
361|556|1561|chrome|1
432|274|1561|chrome|1
332|554|1561|chrome|1
398|235|1561|chrome|3
941|583|1561|chrome|1
544|396|1561|chrome|1
532|253|1561|chrome|1
215|407|1561|chrome|1
778|42|1663|chrome|1
1172|17|1247|chrome|1
929|220|1264|chrome|1
98|279|980|safari|1
742|405|1583|msie|1
562|567|1264|chrome|1
719|561|1264|chrome|1
259|564|1264|chrome|1
265|192|1349|chrome|1
254|276|1264|chrome|1
155|93|1349|chrome|1
964|207|1349|chrome|1
245|281|1349|chrome|1
191|266|1099|msie|1
191|266|1099|msie|1
342|277|1349|chrome|1
461|188|1264|chrome|1
270|551|1264|chrome|1
274|281|1264|chrome|1
522|333|1899|chrome|1
239|556|1349|chrome|1
239|556|1349|chrome|1
838|571|1349|chrome|1
63|405|1265|msie|1
125|85|1265|msie|1
821|565|1903|chrome|1
557|309|1903|chrome|1
208|349|1263|msie|1
415|909|1903|chrome|1
149|565|1264|chrome|1
194|560|1264|chrome|1
273|606|1264|chrome|1
173|92|1903|chrome|1
135|89|1264|chrome|1
751|580|1903|chrome|1
644|320|1903|chrome|1
806|456|1642|chrome|1
519|335|1903|chrome|1
839|565|1349|chrome|1
198|569|1349|chrome|1
845|574|1349|chrome|1
842|573|1349|chrome|1
823|560|1349|chrome|1
940|377|1903|chrome|1
637|275|1903|chrome|1
1010|574|1903|chrome|1
561|366|1903|chrome|1
936|226|980|safari|1
934|328|980|safari|1
1199|35|1349|firefox|1
908|332|980|safari|1
555|131|1366|firefox|1
486|279|1366|firefox|1
602|297|1366|firefox|1
506|343|1366|firefox|1
379|471|1366|firefox|1
994|328|1366|firefox|1
502|445|1366|firefox|1
992|434|1366|firefox|1
950|543|1366|firefox|1
256|242|980|safari|1
593|696|1903|chrome|1
925|34|1903|chrome|1
168|80|1903|chrome|1
167|88|1247|chrome|1
350|278|1349|firefox|1
512|563|1920|chrome|1
281|738|1920|chrome|1
120|93|1920|chrome|1
197|324|1242|chrome|1
587|571|1642|chrome|1
806|448|1642|chrome|1
313|277|1263|msie|1
173|571|1242|chrome|1
254|569|980|safari|1
210|563|1349|chrome|1
532|565|1349|chrome|1
233|570|1349|chrome|1
142|80|1920|chrome|1
290|278|1263|firefox|1
851|35|929|firefox|1
291|137|946|firefox|1
230|214|946|firefox|1
236|278|946|firefox|1
236|278|946|firefox|1
171|466|946|firefox|1
265|520|946|firefox|1
552|434|946|firefox|1
224|338|1321|chrome|1
567|449|946|firefox|1
629|563|946|firefox|1
433|569|1321|chrome|1
618|498|946|firefox|1
235|357|1321|chrome|1
1043|163|1149|firefox|1
636|37|1387|firefox|1
345|272|1349|msie|1
640|357|1292|chrome|1
294|562|1482|msie|1
284|564|1482|msie|1
481|323|1482|msie|1
882|37|1009|chrome|1
315|171|1024|chrome|1
297|313|1024|chrome|1
251|241|1024|chrome|1
250|315|1024|chrome|1
447|314|1024|chrome|1
274|386|1024|chrome|1
211|372|1024|chrome|1
256|442|1024|chrome|1
618|569|1024|chrome|1
617|510|1024|chrome|1
392|39|1009|chrome|1
143|83|1583|firefox|1
282|386|1160|chrome|1
876|213|1160|chrome|1
943|210|1160|chrome|1
1087|33|1160|chrome|1
345|192|1177|chrome|1
328|262|1177|chrome|1
135|89|1152|safari|1
389|338|1177|chrome|1
311|404|1177|chrome|1
285|519|1177|chrome|1
357|556|1177|chrome|1
409|566|1177|chrome|1
414|403|1177|chrome|1
370|328|1596|chrome|1
390|477|1177|chrome|1
375|369|1177|chrome|3
562|567|1179|chrome|1
140|565|1179|chrome|1
140|565|1179|chrome|1
316|130|1177|chrome|1
316|130|1177|chrome|1
335|150|1177|chrome|1
308|125|1177|chrome|1
707|175|1177|chrome|1
855|171|1177|chrome|1
862|265|1177|chrome|1
623|489|1177|chrome|1
1198|212|1903|chrome|1
1208|283|1903|chrome|1
1217|385|1903|chrome|1
1349|321|1903|chrome|1
677|319|1920|chrome|1
1134|722|1920|chrome|1
558|281|1903|chrome|1
656|326|1903|chrome|1
708|535|1177|chrome|1
520|332|1903|chrome|1
291|387|1160|chrome|1
276|375|1160|chrome|1
345|34|1003|safari|1
220|363|1263|msie|1
270|714|980|chrome|1
268|721|980|chrome|1
100|347|980|chrome|1
169|87|1425|chrome|1
909|216|980|safari|1
896|276|980|safari|1
777|397|980|safari|1
906|20|980|safari|1
385|133|980|safari|1
398|233|980|safari|1
399|328|980|safari|1
569|322|980|safari|1
411|393|980|safari|1
343|558|1583|msie|1
208|533|980|safari|1
35|82|979|chrome|1
949|569|1583|msie|1
351|913|980|safari|1
506|903|980|safari|1
1571|308|1732|chrome|1
316|916|980|safari|1
487|275|1732|chrome|1
533|903|980|safari|1
143|249|980|safari|1
949|569|1583|msie|1
384|866|980|safari|1
949|569|1583|msie|1
379|347|1583|msie|1
614|861|980|safari|1
772|991|980|safari|1
774|927|980|safari|1
353|441|777|msie|1
439|345|1729|chrome|1
688|43|1729|chrome|1
696|62|1729|chrome|1
354|280|1344|msie|1
713|42|1729|chrome|1
715|125|1729|chrome|1
68|283|777|msie|1
169|274|980|safari|1
351|342|1528|msie|1
146|297|1583|chrome|1
125|88|1583|chrome|1
298|283|1257|chrome|1
363|39|980|safari|1
525|332|1919|chrome|1
494|187|1866|chrome|1
510|340|1866|chrome|1
371|128|1007|firefox|1
371|122|1007|firefox|1
359|127|1007|firefox|1
237|197|1007|firefox|1
269|264|1007|firefox|1
267|308|1007|firefox|1
815|264|1007|firefox|1
817|321|1007|firefox|1
351|594|1007|firefox|1
605|622|1007|firefox|1
783|324|1007|firefox|1
482|468|1007|firefox|1
779|833|1007|firefox|1
642|866|1007|firefox|1
253|331|1349|unknown|1
74|318|972|msie|1
56|557|980|safari|1
57|571|980|safari|1
928|33|1024|safari|1
263|179|1024|safari|1
308|179|1024|safari|1
85|550|980|safari|1
299|203|1024|safari|1
133|87|980|safari|1
320|179|1024|safari|1
287|200|1024|safari|1
807|574|1024|safari|1
262|582|1024|safari|1
379|568|1024|safari|1
263|578|1024|safari|1
369|568|1024|safari|1
926|68|1024|safari|1
256|206|1024|safari|1
242|229|1024|safari|1
251|288|1024|safari|1
358|221|1024|safari|1
239|351|1024|safari|1
537|491|1024|safari|1
272|810|1024|safari|1
624|924|1024|safari|1
691|952|1024|safari|1
468|826|1024|safari|1
614|921|1024|safari|1
254|893|1024|safari|1
618|936|1024|safari|1
679|725|1024|safari|1
642|867|1024|safari|1
744|640|1024|safari|1
308|931|1024|safari|1
526|834|1024|safari|1
781|924|1024|safari|1
1144|30|1265|safari|1
493|145|1280|safari|1
529|221|1280|safari|1
389|281|1280|safari|1
405|530|1280|safari|1
948|528|1280|safari|1
948|528|1280|safari|1
335|431|1280|safari|1
375|429|1280|safari|1
591|433|1280|safari|1
816|562|1280|safari|1
622|433|1280|safari|1
455|424|1280|safari|1
418|433|1280|safari|1
565|428|1280|safari|1
736|569|1280|safari|1
778|503|1280|safari|1
591|34|1265|safari|1
505|85|1265|safari|1
