204|488|1024|msie|1
284|667|1024|msie|1
524|47|1024|msie|1
636|146|1024|msie|1
1078|217|1583|msie|1
1068|388|1583|msie|1
1055|276|1583|msie|1
1062|388|1583|msie|1
1059|383|1583|msie|1
375|272|1583|msie|1
437|348|1722|safari|1
717|568|1722|safari|1
261|275|1259|msie|1
261|275|1259|msie|1
457|398|1073|msie|1
194|328|1259|msie|1
1658|572|1903|firefox|1
123|84|1259|msie|1
123|84|1259|msie|1
63|584|980|safari|1
32|579|980|safari|1
661|578|980|safari|1
360|559|980|safari|1
108|275|980|safari|1
1223|204|1903|chrome|1
967|243|1903|chrome|1
950|209|1423|chrome|1
235|282|1127|chrome|1
1046|220|1583|chrome|1
1147|221|1423|chrome|1
1098|215|1423|chrome|1
1047|217|1423|chrome|1
1119|213|1423|chrome|1
983|280|1423|chrome|1
1069|281|1583|chrome|1
1094|278|1423|chrome|1
117|93|1583|chrome|1
937|325|1423|chrome|1
1117|270|1423|chrome|1
941|326|1423|chrome|1
947|323|1423|chrome|1
941|323|1423|chrome|1
1117|270|1423|chrome|1
974|228|1349|chrome|1
996|394|1423|chrome|1
1114|273|1423|chrome|1
39|85|1423|chrome|1
94|105|1349|chrome|1
369|285|1423|chrome|1
884|221|1249|firefox|1
874|287|1249|firefox|1
907|396|1249|firefox|1
1026|329|1249|firefox|1
336|168|1264|firefox|1
797|582|1264|firefox|1
902|576|1264|firefox|1
344|146|1264|firefox|1
341|233|1264|firefox|1
896|571|1264|firefox|1
869|216|1249|firefox|1
872|289|1249|firefox|1
910|395|1249|firefox|1
857|330|1249|firefox|1
897|398|1249|firefox|1
55|88|1249|firefox|1
911|397|1249|firefox|1
1016|217|1249|firefox|1
871|283|1249|firefox|1
908|397|1249|firefox|1
331|165|1264|firefox|1
800|580|1264|firefox|1
360|319|1213|msie|1
929|74|1264|firefox|1
332|145|1264|firefox|1
331|243|1264|firefox|1
719|411|1264|firefox|1
809|571|1264|firefox|1
1252|31|1383|firefox|1
440|284|1400|firefox|1
585|356|1400|firefox|1
502|486|1400|firefox|1
457|424|1400|firefox|1
399|609|1400|firefox|1
457|590|1400|firefox|1
463|410|1400|firefox|1
421|412|1400|firefox|1
634|600|1400|firefox|1
1238|200|1903|msie|1
860|702|1400|firefox|1
1236|213|1903|msie|1
821|637|1400|firefox|1
121|91|1383|firefox|1
1228|377|1903|msie|1
550|344|1903|msie|1
143|85|1383|firefox|1
131|394|1263|chrome|1
460|782|1263|chrome|1
1553|31|1655|msie|1
542|217|1676|msie|1
727|283|1676|msie|1
645|316|1676|msie|1
555|349|1676|msie|1
771|349|1676|msie|1
539|418|1676|msie|1
616|419|1676|msie|1
594|416|1676|msie|1
536|539|1676|msie|1
543|543|1676|msie|1
756|537|1676|msie|1
981|628|1676|msie|1
967|567|1676|msie|1
1221|432|1655|msie|1
932|657|1078|chrome|1
801|224|1021|firefox|1
293|573|1021|firefox|1
287|583|1021|firefox|1
324|555|1583|chrome|1
343|325|1540|msie|1
1354|64|1664|chrome|1
1562|216|1664|chrome|1
499|39|1664|chrome|3
468|34|1664|chrome|1
1592|135|1664|chrome|1
700|230|1664|chrome|1
491|29|1664|chrome|1
1102|16|1664|chrome|1
308|30|1664|chrome|3
277|21|1664|chrome|1
975|207|1451|chrome|1
989|280|1451|chrome|1
299|327|1451|chrome|1
108|468|980|safari|1
137|78|980|safari|1
86|446|980|safari|1
242|84|1425|firefox|1
523|39|927|chrome|1
147|95|1349|chrome|1
936|213|1349|chrome|1
929|276|1349|chrome|1
462|246|1349|chrome|1
387|258|1349|chrome|1
416|308|1349|chrome|1
128|85|1349|chrome|1
223|89|1263|chrome|1
228|570|1349|chrome|1
443|560|1349|chrome|1
652|579|1349|chrome|1
792|561|1349|chrome|1
835|219|980|safari|1
881|285|980|safari|1
777|399|980|safari|1
966|206|1349|chrome|1
1108|219|1349|chrome|1
1105|205|1349|chrome|1
400|565|1263|chrome|1
209|337|1263|chrome|1
531|565|1349|chrome|1
257|85|1349|chrome|1
915|213|1263|chrome|1
887|284|1263|chrome|1
906|384|1263|chrome|1
1022|323|1263|chrome|1
487|286|1280|chrome|1
816|681|1280|chrome|1
346|285|1280|chrome|1
824|687|1280|chrome|1
937|180|1280|chrome|1
347|253|1280|chrome|1
369|343|1280|chrome|1
419|246|1280|chrome|1
405|340|1280|chrome|1
825|675|1280|chrome|1
1132|131|1263|chrome|1
374|572|1263|chrome|1
547|41|1349|chrome|1
210|353|1263|chrome|1
530|581|1349|chrome|1
524|33|1349|chrome|1
471|386|1663|msie|1
986|221|1410|chrome|1
969|273|1410|chrome|1
1054|285|1410|chrome|1
1057|277|1410|chrome|1
975|216|1410|chrome|1
965|276|1410|chrome|1
1076|282|1410|chrome|1
383|88|1410|chrome|1
752|29|1423|chrome|1
362|79|1410|chrome|1
843|207|1146|safari|1
110|80|1146|safari|1
872|211|1266|msie|1
883|272|1266|msie|1
895|211|1266|msie|1
895|213|1266|msie|1
895|213|1266|msie|1
887|280|1266|msie|1
887|280|1266|msie|1
900|396|1266|msie|1
208|331|1266|msie|1
1247|180|1899|chrome|1
1249|273|1899|chrome|1
1355|211|1899|chrome|1
1281|279|1899|chrome|1
1369|316|1899|chrome|1
720|311|1920|chrome|1
1140|716|1920|chrome|1
839|315|1920|chrome|1
854|313|1920|chrome|1
815|318|1920|chrome|1
820|314|1920|chrome|1
1126|724|1920|chrome|1
1140|715|1920|chrome|1
841|317|1920|chrome|1
1253|203|1920|chrome|1
1376|212|1899|chrome|1
826|30|1899|chrome|1
397|250|1516|chrome|1
224|79|1516|chrome|1
125|339|1349|chrome|1
833|556|1349|chrome|1
833|556|1349|chrome|1
285|429|1349|chrome|1
542|917|1579|chrome|1
846|31|1903|chrome|1
458|555|980|chrome|1
810|217|980|chrome|1
922|323|980|chrome|1
795|267|980|chrome|1
1663|174|1903|chrome|1
797|269|980|chrome|1
459|414|980|chrome|1
438|315|980|chrome|1
428|84|1903|chrome|1
233|127|980|chrome|1
168|139|980|chrome|1
688|486|980|chrome|1
307|249|1903|firefox|3
608|695|1903|firefox|1
1219|213|1903|firefox|1
633|703|1903|firefox|1
619|697|1903|firefox|1
592|285|1903|firefox|1
122|335|1115|msie|1
1232|217|1759|msie|1
1240|271|1759|msie|1
1114|318|1759|msie|1
1140|396|1759|msie|1
1175|581|1759|msie|1
203|223|1759|msie|1
130|85|1759|msie|1
597|38|1349|chrome|1
531|339|1919|chrome|1
1798|28|1919|chrome|1
812|371|1919|chrome|1
792|437|1919|chrome|1
731|577|1919|chrome|1
849|535|1919|chrome|1
654|586|1919|chrome|1
770|648|1919|chrome|1
834|441|1919|chrome|1
831|438|1919|chrome|1
834|434|1919|chrome|1
829|438|1919|chrome|1
833|432|1919|chrome|1
1268|584|1919|chrome|1
977|662|1919|chrome|1
803|649|1919|chrome|1
1071|774|1919|chrome|1
1071|774|1919|chrome|1
1087|714|1919|chrome|1
1002|33|1919|chrome|1
859|146|1919|chrome|1
538|326|1919|chrome|1
579|275|1919|chrome|1
614|279|1919|chrome|1
141|81|1919|chrome|1
782|37|1583|chrome|1
727|27|1583|chrome|1
667|37|1192|chrome|1
780|220|1035|firefox|1
762|339|1656|msie|1
667|35|1656|msie|1
610|562|1656|msie|1
761|335|1656|msie|1
682|568|1656|msie|1
583|576|1656|msie|1
4|172|1035|firefox|1
730|36|1656|msie|1
766|84|1035|firefox|1
673|86|1656|msie|1
806|80|1035|firefox|1
484|35|1035|firefox|1
