73|570|891|safari|1
1500|586|1519|firefox|1
1504|586|1519|firefox|1
1499|320|1519|firefox|1
1504|575|1519|firefox|1
1502|590|1519|firefox|1
1502|588|1519|firefox|1
1503|590|1519|firefox|1
1502|591|1519|firefox|1
1498|593|1519|firefox|1
1499|591|1519|firefox|1
1503|596|1519|firefox|1
1500|593|1519|firefox|1
1498|597|1519|firefox|1
1498|595|1519|firefox|1
1499|595|1519|firefox|1
1502|597|1519|firefox|1
1501|596|1519|firefox|1
1498|600|1519|firefox|1
1502|599|1519|firefox|1
170|194|1519|firefox|1
62|249|1519|firefox|1
1105|627|1126|msie|1
187|187|1126|msie|1
154|179|1126|msie|1
439|191|1126|msie|1
414|221|1126|msie|1
189|185|1126|msie|1
72|245|1126|msie|1
1581|478|1600|msie|1
1582|508|1600|msie|1
1580|522|1600|msie|1
1584|538|1600|msie|1
1580|546|1600|msie|1
1582|551|1600|msie|1
1580|559|1600|msie|1
1579|561|1600|msie|1
1580|566|1600|msie|1
1579|564|1600|msie|1
1578|573|1600|msie|1
57|404|1600|msie|1
1246|581|1263|firefox|1
1248|576|1263|firefox|1
1245|586|1263|firefox|1
1245|583|1263|firefox|1
1242|592|1263|firefox|1
1246|590|1263|firefox|1
53|410|1263|firefox|1
124|190|980|safari|1
105|250|980|safari|1
163|185|1245|safari|1
54|248|1245|safari|1
1564|294|1583|chrome|1
56|388|1583|chrome|1
93|243|1473|msie|1
571|415|1280|msie|1
97|415|1280|msie|1
79|467|1280|msie|1
1034|501|1048|firefox|1
1024|619|1048|firefox|1
1029|617|1048|firefox|1
1030|614|1048|firefox|1
1030|614|1048|firefox|1
1030|614|1048|firefox|1
1030|614|1048|firefox|1
1030|609|1048|firefox|1
1030|609|1048|firefox|1
1027|613|1048|firefox|1
1030|609|1048|firefox|1
1030|581|1048|firefox|1
1027|581|1048|firefox|1
1028|622|1048|firefox|1
1028|623|1048|firefox|1
595|543|1048|firefox|3
115|449|1048|firefox|1
82|183|1280|msie|1
444|186|1280|msie|1
333|240|1280|msie|1
732|37|1280|msie|1
989|291|1003|msie|1
81|478|1003|msie|1
1316|312|1337|msie|1
487|184|1337|msie|1
121|494|1337|msie|1
1315|272|1337|msie|1
85|522|1337|msie|1
1662|286|1680|chrome|1
63|583|1680|chrome|1
128|480|799|msie|1
66|347|1121|msie|1
438|186|1597|msie|1
438|186|1597|msie|1
54|597|1597|msie|1
221|85|980|safari|1
1663|363|1680|chrome|1
80|186|1680|chrome|1
40|250|1680|chrome|1
85|329|1680|chrome|1
63|464|1184|chrome|1
1240|277|1259|msie|1
1239|361|1259|msie|1
1233|408|1259|msie|1
1233|488|1259|msie|1
1233|545|1259|msie|1
441|188|1259|msie|1
440|188|1259|msie|1
1234|545|1259|msie|1
1241|623|1259|msie|1
1232|593|1259|msie|1
1236|297|1259|msie|1
140|82|1280|chrome|1
437|184|1280|chrome|1
481|182|1280|chrome|1
73|183|1280|chrome|1
112|554|980|safari|1
1657|304|1676|msie|1
77|570|1676|msie|1
445|187|1423|msie|1
316|186|1423|msie|1
354|459|1423|msie|1
476|185|1423|msie|1
1405|626|1423|msie|1
1405|626|1423|msie|1
1405|626|1423|msie|1
1405|626|1423|msie|1
1405|626|1423|msie|1
1405|626|1423|msie|1
1405|626|1423|msie|1
1405|626|1423|msie|1
1405|626|1423|msie|1
1405|626|1423|msie|1
1405|626|1423|msie|1
1405|626|1423|msie|1
1405|626|1423|msie|1
1405|626|1423|msie|1
1405|626|1423|msie|1
1405|626|1423|msie|1
1405|626|1423|msie|1
1405|626|1423|msie|1
1405|626|1423|msie|1
1405|626|1423|msie|1
1405|626|1423|msie|1
1405|626|1423|msie|1
1405|626|1423|msie|1
1405|626|1423|msie|1
1405|626|1423|msie|1
474|185|1423|msie|1
1405|625|1423|msie|1
1405|625|1423|msie|1
1405|625|1423|msie|1
1405|625|1423|msie|1
1405|625|1423|msie|1
1405|625|1423|msie|1
1405|625|1423|msie|1
1405|625|1423|msie|1
1405|625|1423|msie|1
1405|625|1423|msie|1
1405|625|1423|msie|1
441|188|1423|msie|1
381|249|1423|msie|1
442|187|1423|msie|1
281|218|1423|msie|1
441|190|1423|msie|1
849|128|1423|msie|1
318|235|1423|msie|1
441|186|1423|msie|1
323|221|1423|msie|1
1403|620|1423|msie|1
1403|620|1423|msie|1
1403|623|1423|msie|1
1403|623|1423|msie|1
89|409|1423|msie|1
1401|339|1423|msie|1
1405|623|1423|msie|1
1405|623|1423|msie|1
1401|241|1423|msie|1
58|414|1423|msie|1
560|383|1349|chrome|1
46|388|1349|chrome|1
469|187|1259|msie|1
1237|323|1259|msie|1
1235|522|1259|msie|1
1245|497|1259|msie|1
1237|533|1259|msie|1
1238|551|1259|msie|1
1236|626|1259|msie|1
1236|626|1259|msie|1
1244|589|1259|msie|1
1244|628|1259|msie|1
1244|628|1259|msie|1
1242|628|1259|msie|1
1236|626|1259|msie|1
530|139|1259|msie|1
1237|608|1259|msie|1
1236|625|1259|msie|1
1236|625|1259|msie|1
74|331|1920|chrome|1
78|299|1920|chrome|1
1247|338|1268|msie|1
1245|271|1268|msie|1
1245|271|1268|msie|1
479|184|1268|msie|1
1249|565|1268|msie|1
1248|627|1268|msie|1
658|373|1583|chrome|1
47|246|1680|msie|1
42|89|1264|chrome|1
1241|399|1264|chrome|1
1248|507|1264|chrome|1
1247|508|1264|chrome|1
1242|630|1264|chrome|1
1242|630|1264|chrome|1
1242|630|1264|chrome|1
597|197|1264|chrome|1
540|42|1264|chrome|1
483|183|1264|chrome|1
65|246|1264|chrome|1
1244|256|1265|safari|1
1244|377|1265|safari|1
340|315|976|msie|1
344|341|976|msie|1
929|30|1916|msie|1
862|90|1916|msie|1
1895|295|1916|msie|1
69|251|1916|msie|1
634|439|1916|msie|1
93|441|1916|msie|1
95|185|1680|msie|1
1658|329|1680|msie|1
712|180|1263|msie|1
115|298|816|msie|1
72|493|1680|firefox|1
1327|309|1349|chrome|1
909|598|963|msie|1
321|241|963|msie|1
95|188|1423|chrome|1
540|296|1423|chrome|1
564|292|1423|chrome|1
147|193|1423|chrome|1
445|185|1423|chrome|1
630|353|1423|chrome|1
174|182|1423|chrome|1
61|292|1423|chrome|1
1307|622|1327|msie|1
248|488|1327|msie|1
1541|624|1558|firefox|1
1537|624|1558|firefox|1
1539|621|1558|firefox|1
1539|621|1558|firefox|1
1540|616|1558|firefox|1
1540|622|1558|firefox|1
1539|622|1558|firefox|1
150|318|1558|firefox|1
84|321|1558|firefox|1
75|322|905|msie|1
168|188|1354|msie|1
394|190|1354|msie|1
420|185|1354|msie|1
192|180|1354|msie|1
77|254|1354|msie|1
91|498|1169|msie|1
631|488|1169|msie|1
228|467|980|safari|1
70|441|980|safari|1
73|441|980|safari|1
1397|625|1419|msie|1
112|438|1079|msie|1
69|554|1135|msie|1
114|342|1135|msie|1
1242|277|1261|chrome|1
1233|281|1261|chrome|1
1240|284|1261|chrome|1
1243|561|1261|chrome|1
1236|327|1261|chrome|1
1237|371|1261|chrome|1
1238|449|1261|chrome|1
1239|481|1261|chrome|1
645|373|1349|chrome|1
369|34|891|safari|1
551|42|891|safari|1
359|184|1349|chrome|1
326|179|1349|chrome|1
146|190|1349|chrome|1
25|112|1349|chrome|1
35|86|1920|firefox|1
656|247|1349|chrome|1
1000|384|1020|msie|1
997|428|1020|msie|1
646|335|1020|msie|1
123|471|1130|msie|1
102|550|980|safari|1
175|188|1920|chrome|1
87|326|1920|chrome|1
150|187|1920|chrome|1
150|187|1920|chrome|1
81|247|1920|chrome|1
