1244|272|1264|chrome|1
1245|470|1264|chrome|1
97|284|1264|chrome|1
548|522|1583|firefox|1
78|522|1583|firefox|1
637|325|1285|firefox|1
468|190|1033|safari|1
1258|280|1280|chrome|1
1260|461|1280|chrome|1
186|188|1280|chrome|1
42|251|1280|chrome|1
453|180|1052|chrome|1
402|264|1052|chrome|1
561|625|1678|chrome|1
72|621|1678|chrome|1
1256|300|1280|chrome|1
71|286|1280|chrome|1
641|441|1106|msie|1
100|392|972|msie|1
50|87|1106|msie|1
94|193|1920|msie|1
80|250|1920|msie|1
560|413|1202|msie|1
62|544|1349|chrome|1
564|415|1202|msie|1
580|510|1202|msie|1
64|465|1344|safari|1
63|488|1348|chrome|1
1101|361|1120|msie|1
1096|380|1120|msie|1
1098|486|1120|msie|1
1329|313|1349|msie|1
118|541|1286|chrome|1
1332|544|1349|msie|1
1331|574|1349|msie|1
1333|304|1349|msie|1
1333|304|1349|msie|1
1333|304|1349|msie|1
1337|302|1349|msie|1
1337|302|1349|msie|1
424|106|1349|msie|1
1904|624|1920|firefox|1
1902|624|1920|firefox|1
1902|624|1920|firefox|1
1902|624|1920|firefox|1
1902|624|1920|firefox|1
1902|624|1920|firefox|1
66|249|1101|firefox|1
1903|624|1920|firefox|1
847|528|1423|chrome|1
547|513|1423|chrome|1
88|532|1423|chrome|1
50|93|1101|firefox|1
436|134|1101|firefox|1
53|489|941|msie|1
443|187|1920|firefox|1
77|187|1920|firefox|1
75|247|1920|firefox|1
25|569|1263|msie|1
55|549|1263|msie|1
1328|586|1349|msie|1
1333|517|1349|msie|1
441|185|1729|msie|1
288|233|1729|msie|1
202|508|1729|msie|1
640|674|1729|msie|1
1710|591|1729|msie|1
554|471|1349|msie|1
108|412|1349|msie|1
184|666|1729|msie|1
860|160|1729|msie|1
1043|158|1729|msie|1
830|213|1569|msie|1
69|251|1337|msie|1
1550|615|1569|msie|1
1550|615|1569|msie|1
119|481|1337|msie|1
1550|615|1569|msie|1
1550|615|1569|msie|1
1552|615|1569|msie|1
1550|610|1569|msie|1
1567|616|1583|msie|1
1567|616|1583|msie|1
601|492|1583|msie|1
66|496|1583|msie|1
62|543|1134|msie|1
435|188|1064|chrome|1
57|194|1064|chrome|1
439|185|1011|msie|1
339|223|1011|msie|1
213|185|1064|chrome|1
21|190|1011|msie|1
55|350|1134|msie|1
87|489|1134|msie|1
75|515|1134|msie|1
443|34|1259|msie|1
477|63|1259|msie|1
51|425|1134|msie|1
60|541|1134|msie|1
80|591|1134|msie|1
97|268|1134|msie|1
99|331|1361|chrome|1
76|276|1547|msie|1
65|255|1349|firefox|1
1465|294|1481|msie|1
1467|432|1481|msie|1
1460|597|1481|msie|1
1460|597|1481|msie|1
1467|549|1481|msie|1
1499|500|1519|msie|1
1496|613|1519|msie|1
1497|613|1519|msie|1
1497|613|1519|msie|1
1497|613|1519|msie|1
1497|613|1519|msie|1
1497|613|1519|msie|1
1503|607|1519|msie|1
1503|607|1519|msie|1
1503|607|1519|msie|1
64|430|1519|msie|1
127|365|1383|safari|1
65|303|1584|firefox|1
1143|298|1168|firefox|1
1148|623|1168|firefox|1
1146|621|1168|firefox|1
1148|542|1168|firefox|1
1148|628|1168|firefox|1
1151|479|1168|firefox|1
1147|621|1168|firefox|1
1147|621|1168|firefox|1
1147|621|1168|firefox|1
1147|621|1168|firefox|1
1556|439|1584|firefox|1
104|414|1584|firefox|1
93|556|1168|firefox|1
53|541|1253|safari|1
63|298|1349|chrome|1
666|381|980|safari|1
62|435|1253|safari|1
64|358|1680|chrome|1
731|544|980|safari|1
693|431|1899|msie|1
657|403|980|safari|1
70|412|1253|safari|1
47|464|1253|safari|1
48|447|1253|safari|1
41|459|1253|safari|1
52|544|1253|safari|1
700|244|1899|msie|1
991|590|1008|chrome|1
991|590|1008|chrome|1
991|610|1008|chrome|1
683|364|980|safari|1
990|623|1008|chrome|1
990|627|1008|chrome|1
990|627|1008|chrome|1
990|627|1008|chrome|1
990|627|1008|chrome|1
991|604|1008|chrome|1
991|600|1008|chrome|1
989|624|1008|chrome|1
989|624|1008|chrome|1
989|624|1008|chrome|1
69|301|1349|chrome|1
989|624|1008|chrome|1
989|624|1008|chrome|1
989|624|1008|chrome|1
994|607|1008|chrome|1
993|607|1008|chrome|1
694|547|1008|chrome|1
993|392|1008|chrome|1
984|302|1008|chrome|1
988|457|1008|chrome|1
991|590|1008|chrome|1
991|606|1008|chrome|1
990|615|1008|chrome|1
991|619|1008|chrome|1
989|410|1008|chrome|1
989|410|1008|chrome|1
72|547|1008|chrome|1
54|517|1676|msie|1
1253|437|1276|msie|1
1252|561|1276|msie|1
88|303|1276|msie|1
234|540|1266|chrome|1
147|521|1266|chrome|1
1326|401|1343|chrome|1
1325|468|1343|chrome|1
1324|504|1343|chrome|1
1321|574|1343|chrome|1
1319|627|1343|chrome|1
1323|622|1343|chrome|1
1323|622|1343|chrome|1
70|593|1343|chrome|1
1330|276|1349|chrome|1
143|191|1349|chrome|1
1334|360|1349|chrome|1
1327|378|1349|chrome|1
1330|405|1349|chrome|1
1326|620|1349|chrome|1
1331|431|1349|chrome|1
1330|427|1349|chrome|1
1326|537|1349|chrome|1
1331|621|1349|chrome|1
1331|621|1349|chrome|1
1331|621|1349|chrome|1
1331|621|1349|chrome|1
435|183|1349|chrome|1
437|187|1349|chrome|1
98|277|1349|chrome|1
51|362|1253|safari|1
121|189|1438|safari|1
91|246|1438|safari|1
76|464|1253|safari|1
1044|359|1068|chrome|1
111|182|1068|chrome|1
448|184|1068|chrome|1
1045|457|1068|chrome|1
97|188|1068|chrome|1
49|182|1068|chrome|1
68|187|1068|chrome|1
105|246|1068|chrome|1
118|180|1438|safari|1
84|244|1438|safari|1
126|180|1438|safari|1
75|187|1438|safari|1
77|244|1438|safari|1
55|220|1419|msie|1
82|244|1419|msie|1
82|252|1331|chrome|1
91|186|1920|chrome|1
77|358|1920|chrome|1
1042|454|1063|msie|1
1044|610|1063|msie|1
430|41|1063|msie|1
443|145|1063|msie|1
1069|316|1089|msie|1
75|518|1089|msie|1
1253|305|1276|msie|1
1261|384|1276|msie|1
1256|454|1276|msie|1
554|362|1276|msie|1
272|430|1349|firefox|1
614|419|1349|firefox|1
55|359|1276|msie|1
426|182|1411|safari|1
419|181|1411|safari|1
126|546|1411|safari|1
987|279|1002|msie|1
985|314|1002|msie|1
988|397|1002|msie|1
988|362|1002|msie|1
990|479|1002|msie|1
990|439|1002|msie|1
984|556|1002|msie|1
988|625|1002|msie|1
988|625|1002|msie|1
988|625|1002|msie|1
988|625|1002|msie|1
988|625|1002|msie|1
988|625|1002|msie|1
988|625|1002|msie|1
988|625|1002|msie|1
984|627|1002|msie|1
987|626|1002|msie|1
989|625|1002|msie|1
69|484|1002|msie|1
992|360|1002|msie|1
984|407|1002|msie|1
991|478|1002|msie|1
986|609|1002|msie|1
986|610|1002|msie|1
987|608|1002|msie|1
987|612|1002|msie|1
987|612|1002|msie|1
987|609|1002|msie|1
990|625|1002|msie|1
989|625|1002|msie|1
988|627|1002|msie|1
987|241|1002|msie|1
78|393|1002|msie|1
632|577|1002|msie|1
144|188|1263|chrome|1
605|337|1263|chrome|1
73|251|1263|chrome|1
137|185|1263|chrome|1
47|245|1263|chrome|1
